mode: set
github.com/andriiyaremenko/controller/errors.go:16.77,18.2 1 1
github.com/andriiyaremenko/controller/errors.go:22.70,24.2 1 1
github.com/andriiyaremenko/controller/errors.go:31.45,33.2 1 0
github.com/andriiyaremenko/controller/errors.go:35.45,37.2 1 0
github.com/andriiyaremenko/controller/errors.go:39.62,40.2 0 0
github.com/andriiyaremenko/controller/errors.go:42.13,45.42 1 1
github.com/andriiyaremenko/controller/errors.go:45.42,45.96 1 0
github.com/andriiyaremenko/controller/errors.go:52.87,53.76 1 1
github.com/andriiyaremenko/controller/errors.go:53.76,55.16 2 1
github.com/andriiyaremenko/controller/errors.go:55.16,57.4 1 1
github.com/andriiyaremenko/controller/errors.go:60.2,60.52 1 0
github.com/andriiyaremenko/controller/errors.go:63.51,68.2 1 0
github.com/andriiyaremenko/controller/errors.go:75.43,77.2 1 0
github.com/andriiyaremenko/controller/handle.go:13.66,15.30 2 1
github.com/andriiyaremenko/controller/handle.go:15.30,17.3 1 1
github.com/andriiyaremenko/controller/handle.go:19.2,19.39 1 1
github.com/andriiyaremenko/controller/handle.go:22.75,26.2 1 1
github.com/andriiyaremenko/controller/handle.go:28.71,29.54 1 1
github.com/andriiyaremenko/controller/handle.go:29.54,30.16 1 1
github.com/andriiyaremenko/controller/handle.go:30.16,31.34 1 1
github.com/andriiyaremenko/controller/handle.go:31.34,40.5 5 0
github.com/andriiyaremenko/controller/handle.go:43.3,44.17 2 1
github.com/andriiyaremenko/controller/handle.go:44.17,51.4 4 1
github.com/andriiyaremenko/controller/handle.go:53.3,53.50 1 1
github.com/andriiyaremenko/controller/log.go:12.26,13.14 1 0
github.com/andriiyaremenko/controller/log.go:13.14,15.3 1 0
github.com/andriiyaremenko/controller/log.go:18.13,19.33 1 1
github.com/andriiyaremenko/controller/log.go:19.33,19.77 2 1
github.com/andriiyaremenko/controller/log.go:24.22,26.2 1 1
github.com/andriiyaremenko/controller/option.go:21.41,23.2 1 1
github.com/andriiyaremenko/controller/option.go:25.59,27.2 1 1
github.com/andriiyaremenko/controller/option.go:29.50,31.2 1 1
github.com/andriiyaremenko/controller/option.go:34.42,35.25 1 1
github.com/andriiyaremenko/controller/option.go:35.25,35.48 1 1
github.com/andriiyaremenko/controller/option.go:40.61,41.25 1 1
github.com/andriiyaremenko/controller/option.go:41.25,43.42 1 1
github.com/andriiyaremenko/controller/option.go:43.42,45.32 2 1
github.com/andriiyaremenko/controller/option.go:45.32,47.6 1 1
github.com/andriiyaremenko/controller/option.go:49.5,49.18 1 0
github.com/andriiyaremenko/controller/option.go:57.54,58.25 1 1
github.com/andriiyaremenko/controller/option.go:58.25,60.66 1 1
github.com/andriiyaremenko/controller/option.go:60.66,62.18 2 1
github.com/andriiyaremenko/controller/option.go:62.18,64.6 1 1
github.com/andriiyaremenko/controller/option.go:66.5,66.18 1 0
github.com/andriiyaremenko/controller/option.go:73.52,74.25 1 1
github.com/andriiyaremenko/controller/option.go:74.25,74.47 1 1
github.com/andriiyaremenko/controller/request.go:13.53,15.16 2 1
github.com/andriiyaremenko/controller/request.go:15.16,17.3 1 0
github.com/andriiyaremenko/controller/request.go:19.2,20.50 2 1
github.com/andriiyaremenko/controller/request.go:20.50,22.3 1 0
github.com/andriiyaremenko/controller/request.go:24.2,24.20 1 1
github.com/andriiyaremenko/controller/request.go:28.80,29.45 1 0
github.com/andriiyaremenko/controller/request.go:29.45,30.41 1 0
github.com/andriiyaremenko/controller/request.go:30.41,32.4 1 0
github.com/andriiyaremenko/controller/request.go:34.3,35.17 2 0
github.com/andriiyaremenko/controller/request.go:35.17,37.4 1 0
github.com/andriiyaremenko/controller/request.go:39.3,39.20 1 0
github.com/andriiyaremenko/controller/response.go:14.61,18.17 3 1
github.com/andriiyaremenko/controller/response.go:18.17,20.3 1 0
github.com/andriiyaremenko/controller/response.go:22.2,22.56 1 1
github.com/andriiyaremenko/controller/response.go:22.56,24.3 1 0
github.com/andriiyaremenko/controller/response.go:29.66,30.59 1 0
github.com/andriiyaremenko/controller/response.go:30.59,34.18 3 0
github.com/andriiyaremenko/controller/response.go:34.18,36.4 1 0
github.com/andriiyaremenko/controller/response.go:38.3,39.44 2 0
github.com/andriiyaremenko/controller/response.go:39.44,41.4 1 0
github.com/andriiyaremenko/controller/response.go:43.3,43.59 1 0
github.com/andriiyaremenko/controller/response.go:43.59,45.4 1 0
